<?xml version="1.0" encoding="UTF-8"?>
<testng-results ignored="0" total="1" passed="1" failed="0" skipped="0">
  <reporter-output>
  </reporter-output>
  <suite started-at="2023-05-18T21:59:38 EEST" name="Suite" finished-at="2023-05-18T22:00:09 EEST" duration-ms="31048">
    <groups>
    </groups>
    <test started-at="2023-05-18T21:59:38 EEST" name="Test" finished-at="2023-05-18T22:00:09 EEST" duration-ms="31048">
      <class name="ChannelAutomation.VerifyHomePageNavigation">
        <test-method is-config="true" signature="loadingfiles()[pri:0, instance:ChannelAutomation.VerifyHomePageNavigation@6302bbb1]" started-at="2023-05-18T21:59:37 EEST" name="loadingfiles" finished-at="2023-05-18T21:59:38 EEST" duration-ms="98" status="PASS">
          <reporter-output>
          </reporter-output>
        </test-method> <!-- loadingfiles -->
        <test-method is-config="true" signature="loadConfig()[pri:0, instance:ChannelAutomation.VerifyHomePageNavigation@6302bbb1]" started-at="2023-05-18T21:59:38 EEST" name="loadConfig" finished-at="2023-05-18T21:59:38 EEST" duration-ms="1" status="PASS">
          <reporter-output>
          </reporter-output>
        </test-method> <!-- loadConfig -->
        <test-method is-config="true" signature="launch(java.lang.String)[pri:0, instance:ChannelAutomation.VerifyHomePageNavigation@6302bbb1]" started-at="2023-05-18T21:59:38 EEST" name="launch" finished-at="2023-05-18T21:59:57 EEST" duration-ms="19126" status="PASS">
          <params>
            <param index="0">
              <value>
                <![CDATA[Chrome]]>
              </value>
            </param>
          </params>
          <reporter-output>
          </reporter-output>
        </test-method> <!-- launch -->
        <test-method signature="VerifyUserNavigationForHomapage()[pri:0, instance:ChannelAutomation.VerifyHomePageNavigation@6302bbb1]" started-at="2023-05-18T21:59:57 EEST" name="VerifyUserNavigationForHomapage" finished-at="2023-05-18T22:00:08 EEST" duration-ms="11331" status="PASS">
          <reporter-output>
          </reporter-output>
        </test-method> <!-- VerifyUserNavigationForHomapage -->
        <test-method is-config="true" signature="user_logout()[pri:0, instance:ChannelAutomation.VerifyHomePageNavigation@6302bbb1]" started-at="2023-05-18T22:00:08 EEST" name="user_logout" finished-at="2023-05-18T22:00:09 EEST" duration-ms="560" status="PASS">
          <reporter-output>
          </reporter-output>
        </test-method> <!-- user_logout -->
        <test-method is-config="true" signature="Teardown()[pri:0, instance:ChannelAutomation.VerifyHomePageNavigation@6302bbb1]" started-at="2023-05-18T22:00:09 EEST" name="Teardown" finished-at="2023-05-18T22:00:09 EEST" duration-ms="0" status="PASS">
          <reporter-output>
          </reporter-output>
        </test-method> <!-- Teardown -->
      </class> <!-- ChannelAutomation.VerifyHomePageNavigation -->
    </test> <!-- Test -->
  </suite> <!-- Suite -->
</testng-results>
